# JRE version: OpenJDK Runtime Environment (8.0_202-b03) (build 1.8.0_202-release-1483-b03)
# Java VM: OpenJDK 64-Bit Server VM (25.202-b03 mixed mode windows-amd64 compressed oops)
Heap:
 PSYoungGen      total 170496K, used 20473K [0x000000076ab00000, 0x0000000779f00000, 0x00000007c0000000)
  eden space 156160K, 3% used [0x000000076ab00000,0x000000076b105d88,0x0000000774380000)
  from space 14336K, 99% used [0x0000000774380000,0x0000000775178828,0x0000000775180000)
  to   space 19456K, 0% used [0x0000000778c00000,0x0000000778c00000,0x0000000779f00000)
 ParOldGen       total 79872K, used 29356K [0x00000006c0000000, 0x00000006c4e00000, 0x000000076ab00000)
  object space 79872K, 36% used [0x00000006c0000000,0x00000006c1cab070,0x00000006c4e00000)
 Metaspace       used 57480K, capacity 58908K, committed 59028K, reserved 1099776K
  class space    used 7754K, capacity 8160K, committed 8192K, reserved 1048576K
GC Heap History (10 events):
Event: 6.568 GC heap before
{Heap before GC invocations=9 (full 1):
 PSYoungGen      total 76800K, used 74369K [0x000000076ab00000, 0x0000000772e80000, 0x00000007c0000000)
  eden space 66560K, 100% used [0x000000076ab00000,0x000000076ec00000,0x000000076ec00000)
  from space 10240K, 76% used [0x000000076ec00000,0x000000076f3a0760,0x000000076f600000)
  to   space 10240K, 0% used [0x0000000772480000,0x0000000772480000,0x0000000772e80000)
 ParOldGen       total 54784K, used 7614K [0x00000006c0000000, 0x00000006c3580000, 0x000000076ab00000)
  object space 54784K, 13% used [0x00000006c0000000,0x00000006c076f8e8,0x00000006c3580000)
 Metaspace       used 31344K, capacity 31848K, committed 32256K, reserved 1077248K
  class space    used 4312K, capacity 4499K, committed 4608K, reserved 1048576K
Event: 6.583 GC heap after
Heap after GC invocations=9 (full 1):
 PSYoungGen      total 123904K, used 8481K [0x000000076ab00000, 0x0000000772f00000, 0x00000007c0000000)
  eden space 113664K, 0% used [0x000000076ab00000,0x000000076ab00000,0x0000000771a00000)
  from space 10240K, 82% used [0x0000000772480000,0x0000000772cc87d0,0x0000000772e80000)
  to   space 10752K, 0% used [0x0000000771a00000,0x0000000771a00000,0x0000000772480000)
 ParOldGen       total 54784K, used 7622K [0x00000006c0000000, 0x00000006c3580000, 0x000000076ab00000)
  object space 54784K, 13% used [0x00000006c0000000,0x00000006c07718e8,0x00000006c3580000)
 Metaspace       used 31344K, capacity 31848K, committed 32256K, reserved 1077248K
  class space    used 4312K, capacity 4499K, committed 4608K, reserved 1048576K
}
Event: 14.914 GC heap before
{Heap before GC invocations=10 (full 1):
 PSYoungGen      total 123904K, used 64363K [0x000000076ab00000, 0x0000000772f00000, 0x00000007c0000000)
  eden space 113664K, 49% used [0x000000076ab00000,0x000000076e192468,0x0000000771a00000)
  from space 10240K, 82% used [0x0000000772480000,0x0000000772cc87d0,0x0000000772e80000)
  to   space 10752K, 0% used [0x0000000771a00000,0x0000000771a00000,0x0000000772480000)
 ParOldGen       total 54784K, used 7622K [0x00000006c0000000, 0x00000006c3580000, 0x000000076ab00000)
  object space 54784K, 13% used [0x00000006c0000000,0x00000006c07718e8,0x00000006c3580000)
 Metaspace       used 34472K, capacity 35220K, committed 35416K, reserved 1079296K
  class space    used 4752K, capacity 4977K, committed 4992K, reserved 1048576K
Event: 14.931 GC heap after
Heap after GC invocations=10 (full 1):
 PSYoungGen      total 124416K, used 10726K [0x000000076ab00000, 0x0000000775d80000, 0x00000007c0000000)
  eden space 113664K, 0% used [0x000000076ab00000,0x000000076ab00000,0x0000000771a00000)
  from space 10752K, 99% used [0x0000000771a00000,0x0000000772479b58,0x0000000772480000)
  to   space 12288K, 0% used [0x0000000775180000,0x0000000775180000,0x0000000775d80000)
 ParOldGen       total 54784K, used 8634K [0x00000006c0000000, 0x00000006c3580000, 0x000000076ab00000)
  object space 54784K, 15% used [0x00000006c0000000,0x00000006c086ea98,0x00000006c3580000)
 Metaspace       used 34472K, capacity 35220K, committed 35416K, reserved 1079296K
  class space    used 4752K, capacity 4977K, committed 4992K, reserved 1048576K
}
Event: 14.931 GC heap before
{Heap before GC invocations=11 (full 2):
 PSYoungGen      total 124416K, used 10726K [0x000000076ab00000, 0x0000000775d80000, 0x00000007c0000000)
  eden space 113664K, 0% used [0x000000076ab00000,0x000000076ab00000,0x0000000771a00000)
  from space 10752K, 99% used [0x0000000771a00000,0x0000000772479b58,0x0000000772480000)
  to   space 12288K, 0% used [0x0000000775180000,0x0000000775180000,0x0000000775d80000)
 ParOldGen       total 54784K, used 8634K [0x00000006c0000000, 0x00000006c3580000, 0x000000076ab00000)
  object space 54784K, 15% used [0x00000006c0000000,0x00000006c086ea98,0x00000006c3580000)
 Metaspace       used 34472K, capacity 35220K, committed 35416K, reserved 1079296K
  class space    used 4752K, capacity 4977K, committed 4992K, reserved 1048576K
Event: 15.018 GC heap after
Heap after GC invocations=11 (full 2):
 PSYoungGen      total 124416K, used 0K [0x000000076ab00000, 0x0000000775d80000, 0x00000007c0000000)
  eden space 113664K, 0% used [0x000000076ab00000,0x000000076ab00000,0x0000000771a00000)
  from space 10752K, 0% used [0x0000000771a00000,0x0000000771a00000,0x0000000772480000)
  to   space 12288K, 0% used [0x0000000775180000,0x0000000775180000,0x0000000775d80000)
 ParOldGen       total 79872K, used 18533K [0x00000006c0000000, 0x00000006c4e00000, 0x000000076ab00000)
  object space 79872K, 23% used [0x00000006c0000000,0x00000006c12195d0,0x00000006c4e00000)
 Metaspace       used 34456K, capacity 35166K, committed 35416K, reserved 1079296K
  class space    used 4747K, capacity 4968K, committed 4992K, reserved 1048576K
}
Event: 17.465 GC heap before
{Heap before GC invocations=12 (full 2):
 PSYoungGen      total 124416K, used 113664K [0x000000076ab00000, 0x0000000775d80000, 0x00000007c0000000)
  eden space 113664K, 100% used [0x000000076ab00000,0x0000000771a00000,0x0000000771a00000)
  from space 10752K, 0% used [0x0000000771a00000,0x0000000771a00000,0x0000000772480000)
  to   space 12288K, 0% used [0x0000000775180000,0x0000000775180000,0x0000000775d80000)
 ParOldGen       total 79872K, used 18533K [0x00000006c0000000, 0x00000006c4e00000, 0x000000076ab00000)
  object space 79872K, 23% used [0x00000006c0000000,0x00000006c12195d0,0x00000006c4e00000)
 Metaspace       used 44706K, capacity 45640K, committed 46040K, reserved 1089536K
  class space    used 6004K, capacity 6312K, committed 6400K, reserved 1048576K
Event: 17.485 GC heap after
Heap after GC invocations=12 (full 2):
 PSYoungGen      total 168448K, used 12269K [0x000000076ab00000, 0x0000000776000000, 0x00000007c0000000)
  eden space 156160K, 0% used [0x000000076ab00000,0x000000076ab00000,0x0000000774380000)
  from space 12288K, 99% used [0x0000000775180000,0x0000000775d7b790,0x0000000775d80000)
  to   space 14336K, 0% used [0x0000000774380000,0x0000000774380000,0x0000000775180000)
 ParOldGen       total 79872K, used 20902K [0x00000006c0000000, 0x00000006c4e00000, 0x000000076ab00000)
  object space 79872K, 26% used [0x00000006c0000000,0x00000006c1469b30,0x00000006c4e00000)
 Metaspace       used 44706K, capacity 45640K, committed 46040K, reserved 1089536K
  class space    used 6004K, capacity 6312K, committed 6400K, reserved 1048576K
}
Event: 21.600 GC heap before
{Heap before GC invocations=13 (full 2):
 PSYoungGen      total 168448K, used 168429K [0x000000076ab00000, 0x0000000776000000, 0x00000007c0000000)
  eden space 156160K, 100% used [0x000000076ab00000,0x0000000774380000,0x0000000774380000)
  from space 12288K, 99% used [0x0000000775180000,0x0000000775d7b790,0x0000000775d80000)
  to   space 14336K, 0% used [0x0000000774380000,0x0000000774380000,0x0000000775180000)
 ParOldGen       total 79872K, used 20902K [0x00000006c0000000, 0x00000006c4e00000, 0x000000076ab00000)
  object space 79872K, 26% used [0x00000006c0000000,0x00000006c1469b30,0x00000006c4e00000)
 Metaspace       used 56691K, capacity 58032K, committed 58200K, reserved 1099776K
  class space    used 7617K, capacity 8004K, committed 8064K, reserved 1048576K
Event: 21.659 GC heap after
Heap after GC invocations=13 (full 2):
 PSYoungGen      total 170496K, used 14306K [0x000000076ab00000, 0x0000000779f00000, 0x00000007c0000000)
  eden space 156160K, 0% used [0x000000076ab00000,0x000000076ab00000,0x0000000774380000)
  from space 14336K, 99% used [0x0000000774380000,0x0000000775178828,0x0000000775180000)
  to   space 19456K, 0% used [0x0000000778c00000,0x0000000778c00000,0x0000000779f00000)
 ParOldGen       total 79872K, used 29356K [0x00000006c0000000, 0x00000006c4e00000, 0x000000076ab00000)
  object space 79872K, 36% used [0x00000006c0000000,0x00000006c1cab070,0x00000006c4e00000)
 Metaspace       used 56691K, capacity 58032K, committed 58200K, reserved 1099776K
  class space    used 7617K, capacity 8004K, committed 8064K, reserved 1048576K
}

