# JRE version: OpenJDK Runtime Environment (8.0_202-b03) (build 1.8.0_202-release-1483-b03)
# Java VM: OpenJDK 64-Bit Server VM (25.202-b03 mixed mode windows-amd64 compressed oops)
Heap:
 PSYoungGen      total 1178624K, used 1050352K [0x000000076ab00000, 0x00000007bf980000, 0x00000007c0000000)
  eden space 1143808K, 88% used [0x000000076ab00000,0x00000007a8b241f0,0x00000007b0800000)
  from space 34816K, 98% used [0x00000007b0800000,0x00000007b2997ef8,0x00000007b2a00000)
  to   space 123392K, 0% used [0x00000007b8100000,0x00000007b8100000,0x00000007bf980000)
 ParOldGen       total 329728K, used 296121K [0x00000006c0000000, 0x00000006d4200000, 0x000000076ab00000)
  object space 329728K, 89% used [0x00000006c0000000,0x00000006d212e6e0,0x00000006d4200000)
 Metaspace       used 160243K, capacity 175834K, committed 176088K, reserved 1202176K
  class space    used 19963K, capacity 22721K, committed 22784K, reserved 1048576K
GC Heap History (10 events):
Event: 5494.791 GC heap before
{Heap before GC invocations=72 (full 5):
 PSYoungGen      total 1290240K, used 1272118K [0x000000076ab00000, 0x00000007c0000000, 0x00000007c0000000)
  eden space 1196032K, 100% used [0x000000076ab00000,0x00000007b3b00000,0x00000007b3b00000)
  from space 94208K, 80% used [0x00000007ba400000,0x00000007bee4d808,0x00000007c0000000)
  to   space 100864K, 0% used [0x00000007b3b00000,0x00000007b3b00000,0x00000007b9d80000)
 ParOldGen       total 329728K, used 247876K [0x00000006c0000000, 0x00000006d4200000, 0x000000076ab00000)
  object space 329728K, 75% used [0x00000006c0000000,0x00000006cf2113f0,0x00000006d4200000)
 Metaspace       used 152910K, capacity 166712K, committed 167000K, reserved 1193984K
  class space    used 19078K, capacity 21570K, committed 21632K, reserved 1048576K
Event: 5494.861 GC heap after
Heap after GC invocations=72 (full 5):
 PSYoungGen      total 1280000K, used 83656K [0x000000076ab00000, 0x00000007c0000000, 0x00000007c0000000)
  eden space 1196032K, 0% used [0x000000076ab00000,0x000000076ab00000,0x00000007b3b00000)
  from space 83968K, 99% used [0x00000007b3b00000,0x00000007b8cb2060,0x00000007b8d00000)
  to   space 109056K, 0% used [0x00000007b9580000,0x00000007b9580000,0x00000007c0000000)
 ParOldGen       total 329728K, used 247908K [0x00000006c0000000, 0x00000006d4200000, 0x000000076ab00000)
  object space 329728K, 75% used [0x00000006c0000000,0x00000006cf2193f0,0x00000006d4200000)
 Metaspace       used 152910K, capacity 166712K, committed 167000K, reserved 1193984K
  class space    used 19078K, capacity 21570K, committed 21632K, reserved 1048576K
}
Event: 5496.410 GC heap before
{Heap before GC invocations=73 (full 5):
 PSYoungGen      total 1280000K, used 1279688K [0x000000076ab00000, 0x00000007c0000000, 0x00000007c0000000)
  eden space 1196032K, 100% used [0x000000076ab00000,0x00000007b3b00000,0x00000007b3b00000)
  from space 83968K, 99% used [0x00000007b3b00000,0x00000007b8cb2060,0x00000007b8d00000)
  to   space 109056K, 0% used [0x00000007b9580000,0x00000007b9580000,0x00000007c0000000)
 ParOldGen       total 329728K, used 247908K [0x00000006c0000000, 0x00000006d4200000, 0x000000076ab00000)
  object space 329728K, 75% used [0x00000006c0000000,0x00000006cf2193f0,0x00000006d4200000)
 Metaspace       used 152912K, capacity 166712K, committed 167000K, reserved 1193984K
  class space    used 19078K, capacity 21570K, committed 21632K, reserved 1048576K
Event: 5496.501 GC heap after
Heap after GC invocations=73 (full 5):
 PSYoungGen      total 1276416K, used 83207K [0x000000076ab00000, 0x00000007c0000000, 0x00000007c0000000)
  eden space 1167360K, 0% used [0x000000076ab00000,0x000000076ab00000,0x00000007b1f00000)
  from space 109056K, 76% used [0x00000007b9580000,0x00000007be6c1d98,0x00000007c0000000)
  to   space 115200K, 0% used [0x00000007b1f00000,0x00000007b1f00000,0x00000007b8f80000)
 ParOldGen       total 329728K, used 248280K [0x00000006c0000000, 0x00000006d4200000, 0x000000076ab00000)
  object space 329728K, 75% used [0x00000006c0000000,0x00000006cf276318,0x00000006d4200000)
 Metaspace       used 152912K, capacity 166712K, committed 167000K, reserved 1193984K
  class space    used 19078K, capacity 21570K, committed 21632K, reserved 1048576K
}
Event: 5502.877 GC heap before
{Heap before GC invocations=74 (full 5):
 PSYoungGen      total 1276416K, used 1250567K [0x000000076ab00000, 0x00000007c0000000, 0x00000007c0000000)
  eden space 1167360K, 100% used [0x000000076ab00000,0x00000007b1f00000,0x00000007b1f00000)
  from space 109056K, 76% used [0x00000007b9580000,0x00000007be6c1d98,0x00000007c0000000)
  to   space 115200K, 0% used [0x00000007b1f00000,0x00000007b1f00000,0x00000007b8f80000)
 ParOldGen       total 329728K, used 248280K [0x00000006c0000000, 0x00000006d4200000, 0x000000076ab00000)
  object space 329728K, 75% used [0x00000006c0000000,0x00000006cf276318,0x00000006d4200000)
 Metaspace       used 153586K, capacity 167476K, committed 167640K, reserved 1196032K
  class space    used 19167K, capacity 21656K, committed 21760K, reserved 1048576K
Event: 5503.003 GC heap after
Heap after GC invocations=74 (full 5):
 PSYoungGen      total 1268736K, used 101230K [0x000000076ab00000, 0x00000007c0000000, 0x00000007c0000000)
  eden space 1167360K, 0% used [0x000000076ab00000,0x000000076ab00000,0x00000007b1f00000)
  from space 101376K, 99% used [0x00000007b1f00000,0x00000007b81db820,0x00000007b8200000)
  to   space 126464K, 0% used [0x00000007b8480000,0x00000007b8480000,0x00000007c0000000)
 ParOldGen       total 329728K, used 287975K [0x00000006c0000000, 0x00000006d4200000, 0x000000076ab00000)
  object space 329728K, 87% used [0x00000006c0000000,0x00000006d1939d10,0x00000006d4200000)
 Metaspace       used 153586K, capacity 167476K, committed 167640K, reserved 1196032K
  class space    used 19167K, capacity 21656K, committed 21760K, reserved 1048576K
}
Event: 5523.183 GC heap before
{Heap before GC invocations=75 (full 5):
 PSYoungGen      total 1268736K, used 1268590K [0x000000076ab00000, 0x00000007c0000000, 0x00000007c0000000)
  eden space 1167360K, 100% used [0x000000076ab00000,0x00000007b1f00000,0x00000007b1f00000)
  from space 101376K, 99% used [0x00000007b1f00000,0x00000007b81db820,0x00000007b8200000)
  to   space 126464K, 0% used [0x00000007b8480000,0x00000007b8480000,0x00000007c0000000)
 ParOldGen       total 329728K, used 287975K [0x00000006c0000000, 0x00000006d4200000, 0x000000076ab00000)
  object space 329728K, 87% used [0x00000006c0000000,0x00000006d1939d10,0x00000006d4200000)
 Metaspace       used 154682K, capacity 168830K, committed 169048K, reserved 1196032K
  class space    used 19299K, capacity 21825K, committed 21888K, reserved 1048576K
Event: 5523.206 GC heap after
Heap after GC invocations=75 (full 5):
 PSYoungGen      total 1270272K, used 15777K [0x000000076ab00000, 0x00000007c0000000, 0x00000007c0000000)
  eden space 1143808K, 0% used [0x000000076ab00000,0x000000076ab00000,0x00000007b0800000)
  from space 126464K, 12% used [0x00000007b8480000,0x00000007b93e8518,0x00000007c0000000)
  to   space 126976K, 0% used [0x00000007b0800000,0x00000007b0800000,0x00000007b8400000)
 ParOldGen       total 329728K, used 295665K [0x00000006c0000000, 0x00000006d4200000, 0x000000076ab00000)
  object space 329728K, 89% used [0x00000006c0000000,0x00000006d20bc480,0x00000006d4200000)
 Metaspace       used 154682K, capacity 168830K, committed 169048K, reserved 1196032K
  class space    used 19299K, capacity 21825K, committed 21888K, reserved 1048576K
}
Event: 5556.896 GC heap before
{Heap before GC invocations=76 (full 5):
 PSYoungGen      total 1270272K, used 1159585K [0x000000076ab00000, 0x00000007c0000000, 0x00000007c0000000)
  eden space 1143808K, 100% used [0x000000076ab00000,0x00000007b0800000,0x00000007b0800000)
  from space 126464K, 12% used [0x00000007b8480000,0x00000007b93e8518,0x00000007c0000000)
  to   space 126976K, 0% used [0x00000007b0800000,0x00000007b0800000,0x00000007b8400000)
 ParOldGen       total 329728K, used 295665K [0x00000006c0000000, 0x00000006d4200000, 0x000000076ab00000)
  object space 329728K, 89% used [0x00000006c0000000,0x00000006d20bc480,0x00000006d4200000)
 Metaspace       used 154858K, capacity 169052K, committed 169304K, reserved 1196032K
  class space    used 19310K, capacity 21846K, committed 21888K, reserved 1048576K
Event: 5556.924 GC heap after
Heap after GC invocations=76 (full 5):
 PSYoungGen      total 1178624K, used 34399K [0x000000076ab00000, 0x00000007bf980000, 0x00000007c0000000)
  eden space 1143808K, 0% used [0x000000076ab00000,0x000000076ab00000,0x00000007b0800000)
  from space 34816K, 98% used [0x00000007b0800000,0x00000007b2997ef8,0x00000007b2a00000)
  to   space 123392K, 0% used [0x00000007b8100000,0x00000007b8100000,0x00000007bf980000)
 ParOldGen       total 329728K, used 296121K [0x00000006c0000000, 0x00000006d4200000, 0x000000076ab00000)
  object space 329728K, 89% used [0x00000006c0000000,0x00000006d212e6e0,0x00000006d4200000)
 Metaspace       used 154858K, capacity 169052K, committed 169304K, reserved 1196032K
  class space    used 19310K, capacity 21846K, committed 21888K, reserved 1048576K
}

