# JRE version: OpenJDK Runtime Environment (8.0_202-b03) (build 1.8.0_202-release-1483-b03)
# Java VM: OpenJDK 64-Bit Server VM (25.202-b03 mixed mode windows-amd64 compressed oops)
Heap:
 PSYoungGen      total 846848K, used 47384K [0x000000076ab00000, 0x00000007a3e80000, 0x00000007c0000000)
  eden space 764416K, 3% used [0x000000076ab00000,0x000000076c230018,0x0000000799580000)
  from space 82432K, 28% used [0x0000000799580000,0x000000079ac96148,0x000000079e600000)
  to   space 80896K, 0% used [0x000000079e600000,0x000000079e600000,0x00000007a3500000)
 ParOldGen       total 270336K, used 203126K [0x00000006c0000000, 0x00000006d0800000, 0x000000076ab00000)
  object space 270336K, 75% used [0x00000006c0000000,0x00000006cc65d868,0x00000006d0800000)
 Metaspace       used 132982K, capacity 142060K, committed 142336K, reserved 1173504K
  class space    used 16397K, capacity 18068K, committed 18176K, reserved 1048576K
GC Heap History (10 events):
Event: 13229.017 GC heap after
Heap after GC invocations=63 (full 5):
 PSYoungGen      total 845312K, used 43631K [0x000000076ab00000, 0x00000007a3e80000, 0x00000007c0000000)
  eden space 764416K, 0% used [0x000000076ab00000,0x000000076ab00000,0x0000000799580000)
  from space 80896K, 53% used [0x000000079e600000,0x00000007a109bc20,0x00000007a3500000)
  to   space 82432K, 0% used [0x0000000799580000,0x0000000799580000,0x000000079e600000)
 ParOldGen       total 270336K, used 144097K [0x00000006c0000000, 0x00000006d0800000, 0x000000076ab00000)
  object space 270336K, 53% used [0x00000006c0000000,0x00000006c8cb8770,0x00000006d0800000)
 Metaspace       used 130151K, capacity 138860K, committed 139136K, reserved 1171456K
  class space    used 16071K, capacity 17708K, committed 17792K, reserved 1048576K
}
Event: 13232.859 GC heap before
{Heap before GC invocations=64 (full 5):
 PSYoungGen      total 845312K, used 808047K [0x000000076ab00000, 0x00000007a3e80000, 0x00000007c0000000)
  eden space 764416K, 100% used [0x000000076ab00000,0x0000000799580000,0x0000000799580000)
  from space 80896K, 53% used [0x000000079e600000,0x00000007a109bc20,0x00000007a3500000)
  to   space 82432K, 0% used [0x0000000799580000,0x0000000799580000,0x000000079e600000)
 ParOldGen       total 270336K, used 144097K [0x00000006c0000000, 0x00000006d0800000, 0x000000076ab00000)
  object space 270336K, 53% used [0x00000006c0000000,0x00000006c8cb8770,0x00000006d0800000)
 Metaspace       used 131161K, capacity 139924K, committed 140288K, reserved 1171456K
  class space    used 16178K, capacity 17818K, committed 17920K, reserved 1048576K
Event: 13232.937 GC heap after
Heap after GC invocations=64 (full 5):
 PSYoungGen      total 846848K, used 28740K [0x000000076ab00000, 0x00000007a3e80000, 0x00000007c0000000)
  eden space 764416K, 0% used [0x000000076ab00000,0x000000076ab00000,0x0000000799580000)
  from space 82432K, 34% used [0x0000000799580000,0x000000079b1912c8,0x000000079e600000)
  to   space 80896K, 0% used [0x000000079e600000,0x000000079e600000,0x00000007a3500000)
 ParOldGen       total 270336K, used 158162K [0x00000006c0000000, 0x00000006d0800000, 0x000000076ab00000)
  object space 270336K, 58% used [0x00000006c0000000,0x00000006c9a74b18,0x00000006d0800000)
 Metaspace       used 131161K, capacity 139924K, committed 140288K, reserved 1171456K
  class space    used 16178K, capacity 17818K, committed 17920K, reserved 1048576K
}
Event: 13234.623 GC heap before
{Heap before GC invocations=65 (full 5):
 PSYoungGen      total 846848K, used 793156K [0x000000076ab00000, 0x00000007a3e80000, 0x00000007c0000000)
  eden space 764416K, 100% used [0x000000076ab00000,0x0000000799580000,0x0000000799580000)
  from space 82432K, 34% used [0x0000000799580000,0x000000079b1912c8,0x000000079e600000)
  to   space 80896K, 0% used [0x000000079e600000,0x000000079e600000,0x00000007a3500000)
 ParOldGen       total 270336K, used 158162K [0x00000006c0000000, 0x00000006d0800000, 0x000000076ab00000)
  object space 270336K, 58% used [0x00000006c0000000,0x00000006c9a74b18,0x00000006d0800000)
 Metaspace       used 131180K, capacity 139924K, committed 140288K, reserved 1171456K
  class space    used 16178K, capacity 17818K, committed 17920K, reserved 1048576K
Event: 13234.676 GC heap after
Heap after GC invocations=65 (full 5):
 PSYoungGen      total 845312K, used 9984K [0x000000076ab00000, 0x00000007a3e80000, 0x00000007c0000000)
  eden space 764416K, 0% used [0x000000076ab00000,0x000000076ab00000,0x0000000799580000)
  from space 80896K, 12% used [0x000000079e600000,0x000000079efc0010,0x00000007a3500000)
  to   space 82432K, 0% used [0x0000000799580000,0x0000000799580000,0x000000079e600000)
 ParOldGen       total 270336K, used 182051K [0x00000006c0000000, 0x00000006d0800000, 0x000000076ab00000)
  object space 270336K, 67% used [0x00000006c0000000,0x00000006cb1c8e40,0x00000006d0800000)
 Metaspace       used 131180K, capacity 139924K, committed 140288K, reserved 1171456K
  class space    used 16178K, capacity 17818K, committed 17920K, reserved 1048576K
}
Event: 13237.428 GC heap before
{Heap before GC invocations=66 (full 5):
 PSYoungGen      total 845312K, used 774400K [0x000000076ab00000, 0x00000007a3e80000, 0x00000007c0000000)
  eden space 764416K, 100% used [0x000000076ab00000,0x0000000799580000,0x0000000799580000)
  from space 80896K, 12% used [0x000000079e600000,0x000000079efc0010,0x00000007a3500000)
  to   space 82432K, 0% used [0x0000000799580000,0x0000000799580000,0x000000079e600000)
 ParOldGen       total 270336K, used 182051K [0x00000006c0000000, 0x00000006d0800000, 0x000000076ab00000)
  object space 270336K, 67% used [0x00000006c0000000,0x00000006cb1c8e40,0x00000006d0800000)
 Metaspace       used 131284K, capacity 140056K, committed 140288K, reserved 1171456K
  class space    used 16179K, capacity 17818K, committed 17920K, reserved 1048576K
Event: 13237.473 GC heap after
Heap after GC invocations=66 (full 5):
 PSYoungGen      total 846848K, used 27315K [0x000000076ab00000, 0x00000007a3e80000, 0x00000007c0000000)
  eden space 764416K, 0% used [0x000000076ab00000,0x000000076ab00000,0x0000000799580000)
  from space 82432K, 33% used [0x0000000799580000,0x000000079b02cea8,0x000000079e600000)
  to   space 80896K, 0% used [0x000000079e600000,0x000000079e600000,0x00000007a3500000)
 ParOldGen       total 270336K, used 185908K [0x00000006c0000000, 0x00000006d0800000, 0x000000076ab00000)
  object space 270336K, 68% used [0x00000006c0000000,0x00000006cb58d000,0x00000006d0800000)
 Metaspace       used 131284K, capacity 140056K, committed 140288K, reserved 1171456K
  class space    used 16179K, capacity 17818K, committed 17920K, reserved 1048576K
}
Event: 13247.069 GC heap before
{Heap before GC invocations=67 (full 5):
 PSYoungGen      total 846848K, used 791731K [0x000000076ab00000, 0x00000007a3e80000, 0x00000007c0000000)
  eden space 764416K, 100% used [0x000000076ab00000,0x0000000799580000,0x0000000799580000)
  from space 82432K, 33% used [0x0000000799580000,0x000000079b02cea8,0x000000079e600000)
  to   space 80896K, 0% used [0x000000079e600000,0x000000079e600000,0x00000007a3500000)
 ParOldGen       total 270336K, used 185908K [0x00000006c0000000, 0x00000006d0800000, 0x000000076ab00000)
  object space 270336K, 68% used [0x00000006c0000000,0x00000006cb58d000,0x00000006d0800000)
 Metaspace       used 131973K, capacity 140832K, committed 141184K, reserved 1173504K
  class space    used 16271K, capacity 17906K, committed 18048K, reserved 1048576K
Event: 13247.159 GC heap after
Heap after GC invocations=67 (full 5):
 PSYoungGen      total 845312K, used 80878K [0x000000076ab00000, 0x00000007a3e80000, 0x00000007c0000000)
  eden space 764416K, 0% used [0x000000076ab00000,0x000000076ab00000,0x0000000799580000)
  from space 80896K, 99% used [0x000000079e600000,0x00000007a34fbb60,0x00000007a3500000)
  to   space 82432K, 0% used [0x0000000799580000,0x0000000799580000,0x000000079e600000)
 ParOldGen       total 270336K, used 201795K [0x00000006c0000000, 0x00000006d0800000, 0x000000076ab00000)
  object space 270336K, 74% used [0x00000006c0000000,0x00000006cc510ee0,0x00000006d0800000)
 Metaspace       used 131973K, capacity 140832K, committed 141184K, reserved 1173504K
  class space    used 16271K, capacity 17906K, committed 18048K, reserved 1048576K
}
Event: 13250.421 GC heap before
{Heap before GC invocations=68 (full 5):
 PSYoungGen      total 845312K, used 845294K [0x000000076ab00000, 0x00000007a3e80000, 0x00000007c0000000)
  eden space 764416K, 100% used [0x000000076ab00000,0x0000000799580000,0x0000000799580000)
  from space 80896K, 99% used [0x000000079e600000,0x00000007a34fbb60,0x00000007a3500000)
  to   space 82432K, 0% used [0x0000000799580000,0x0000000799580000,0x000000079e600000)
 ParOldGen       total 270336K, used 201795K [0x00000006c0000000, 0x00000006d0800000, 0x000000076ab00000)
  object space 270336K, 74% used [0x00000006c0000000,0x00000006cc510ee0,0x00000006d0800000)
 Metaspace       used 132982K, capacity 142060K, committed 142336K, reserved 1173504K
  class space    used 16397K, capacity 18068K, committed 18176K, reserved 1048576K

