# JRE version: OpenJDK Runtime Environment (8.0_202-b03) (build 1.8.0_202-release-1483-b03)
# Java VM: OpenJDK 64-Bit Server VM (25.202-b03 mixed mode windows-amd64 compressed oops)
Heap:
 PSYoungGen      total 912896K, used 657558K [0x000000076ab00000, 0x00000007a7480000, 0x00000007c0000000)
  eden space 852480K, 75% used [0x000000076ab00000,0x0000000792038d68,0x000000079eb80000)
  from space 60416K, 21% used [0x00000007a3980000,0x00000007a466cdb8,0x00000007a7480000)
  to   space 70144K, 0% used [0x000000079eb80000,0x000000079eb80000,0x00000007a3000000)
 ParOldGen       total 299008K, used 239163K [0x00000006c0000000, 0x00000006d2400000, 0x000000076ab00000)
  object space 299008K, 79% used [0x00000006c0000000,0x00000006ce98ecf0,0x00000006d2400000)
 Metaspace       used 128947K, capacity 135370K, committed 135640K, reserved 1167360K
  class space    used 16025K, capacity 17347K, committed 17408K, reserved 1048576K
GC Heap History (10 events):
Event: 5036.021 GC heap before
{Heap before GC invocations=35 (full 5):
 PSYoungGen      total 643584K, used 598528K [0x000000076ab00000, 0x000000079b980000, 0x00000007c0000000)
  eden space 598528K, 100% used [0x000000076ab00000,0x000000078f380000,0x000000078f380000)
  from space 45056K, 0% used [0x000000078f380000,0x000000078f380000,0x0000000791f80000)
  to   space 62464K, 0% used [0x0000000797c80000,0x0000000797c80000,0x000000079b980000)
 ParOldGen       total 299008K, used 153370K [0x00000006c0000000, 0x00000006d2400000, 0x000000076ab00000)
  object space 299008K, 51% used [0x00000006c0000000,0x00000006c95c6bf0,0x00000006d2400000)
 Metaspace       used 108781K, capacity 114940K, committed 115416K, reserved 1148928K
  class space    used 13671K, capacity 14966K, committed 15104K, reserved 1048576K
Event: 5036.060 GC heap after
Heap after GC invocations=35 (full 5):
 PSYoungGen      total 732672K, used 17814K [0x000000076ab00000, 0x000000079b380000, 0x00000007c0000000)
  eden space 676352K, 0% used [0x000000076ab00000,0x000000076ab00000,0x0000000793f80000)
  from space 56320K, 31% used [0x0000000797c80000,0x0000000798de5800,0x000000079b380000)
  to   space 59392K, 0% used [0x0000000793f80000,0x0000000793f80000,0x0000000797980000)
 ParOldGen       total 299008K, used 153378K [0x00000006c0000000, 0x00000006d2400000, 0x000000076ab00000)
  object space 299008K, 51% used [0x00000006c0000000,0x00000006c95c8bf0,0x00000006d2400000)
 Metaspace       used 108781K, capacity 114940K, committed 115416K, reserved 1148928K
  class space    used 13671K, capacity 14966K, committed 15104K, reserved 1048576K
}
Event: 5055.912 GC heap before
{Heap before GC invocations=36 (full 5):
 PSYoungGen      total 732672K, used 694166K [0x000000076ab00000, 0x000000079b380000, 0x00000007c0000000)
  eden space 676352K, 100% used [0x000000076ab00000,0x0000000793f80000,0x0000000793f80000)
  from space 56320K, 31% used [0x0000000797c80000,0x0000000798de5800,0x000000079b380000)
  to   space 59392K, 0% used [0x0000000793f80000,0x0000000793f80000,0x0000000797980000)
 ParOldGen       total 299008K, used 153378K [0x00000006c0000000, 0x00000006d2400000, 0x000000076ab00000)
  object space 299008K, 51% used [0x00000006c0000000,0x00000006c95c8bf0,0x00000006d2400000)
 Metaspace       used 127900K, capacity 134226K, committed 134616K, reserved 1167360K
  class space    used 15913K, capacity 17253K, committed 17408K, reserved 1048576K
Event: 5056.048 GC heap after
Heap after GC invocations=36 (full 5):
 PSYoungGen      total 735744K, used 59370K [0x000000076ab00000, 0x00000007a2880000, 0x00000007c0000000)
  eden space 676352K, 0% used [0x000000076ab00000,0x000000076ab00000,0x0000000793f80000)
  from space 59392K, 99% used [0x0000000793f80000,0x000000079797a958,0x0000000797980000)
  to   space 76800K, 0% used [0x000000079dd80000,0x000000079dd80000,0x00000007a2880000)
 ParOldGen       total 299008K, used 172980K [0x00000006c0000000, 0x00000006d2400000, 0x000000076ab00000)
  object space 299008K, 57% used [0x00000006c0000000,0x00000006ca8ed358,0x00000006d2400000)
 Metaspace       used 127900K, capacity 134226K, committed 134616K, reserved 1167360K
  class space    used 15913K, capacity 17253K, committed 17408K, reserved 1048576K
}
Event: 5058.624 GC heap before
{Heap before GC invocations=37 (full 5):
 PSYoungGen      total 735744K, used 735722K [0x000000076ab00000, 0x00000007a2880000, 0x00000007c0000000)
  eden space 676352K, 100% used [0x000000076ab00000,0x0000000793f80000,0x0000000793f80000)
  from space 59392K, 99% used [0x0000000793f80000,0x000000079797a958,0x0000000797980000)
  to   space 76800K, 0% used [0x000000079dd80000,0x000000079dd80000,0x00000007a2880000)
 ParOldGen       total 299008K, used 172980K [0x00000006c0000000, 0x00000006d2400000, 0x000000076ab00000)
  object space 299008K, 57% used [0x00000006c0000000,0x00000006ca8ed358,0x00000006d2400000)
 Metaspace       used 127956K, capacity 134304K, committed 134872K, reserved 1167360K
  class space    used 15919K, capacity 17256K, committed 17408K, reserved 1048576K
Event: 5058.690 GC heap after
Heap after GC invocations=37 (full 5):
 PSYoungGen      total 839168K, used 4704K [0x000000076ab00000, 0x00000007a3900000, 0x00000007c0000000)
  eden space 762368K, 0% used [0x000000076ab00000,0x000000076ab00000,0x0000000799380000)
  from space 76800K, 6% used [0x000000079dd80000,0x000000079e218000,0x00000007a2880000)
  to   space 75776K, 0% used [0x0000000799380000,0x0000000799380000,0x000000079dd80000)
 ParOldGen       total 299008K, used 224583K [0x00000006c0000000, 0x00000006d2400000, 0x000000076ab00000)
  object space 299008K, 75% used [0x00000006c0000000,0x00000006cdb51cc8,0x00000006d2400000)
 Metaspace       used 127956K, capacity 134304K, committed 134872K, reserved 1167360K
  class space    used 15919K, capacity 17256K, committed 17408K, reserved 1048576K
}
Event: 5061.136 GC heap before
{Heap before GC invocations=38 (full 5):
 PSYoungGen      total 839168K, used 767072K [0x000000076ab00000, 0x00000007a3900000, 0x00000007c0000000)
  eden space 762368K, 100% used [0x000000076ab00000,0x0000000799380000,0x0000000799380000)
  from space 76800K, 6% used [0x000000079dd80000,0x000000079e218000,0x00000007a2880000)
  to   space 75776K, 0% used [0x0000000799380000,0x0000000799380000,0x000000079dd80000)
 ParOldGen       total 299008K, used 224583K [0x00000006c0000000, 0x00000006d2400000, 0x000000076ab00000)
  object space 299008K, 75% used [0x00000006c0000000,0x00000006cdb51cc8,0x00000006d2400000)
 Metaspace       used 127992K, capacity 134304K, committed 134872K, reserved 1167360K
  class space    used 15924K, capacity 17256K, committed 17408K, reserved 1048576K
Event: 5061.165 GC heap after
Heap after GC invocations=38 (full 5):
 PSYoungGen      total 838144K, used 12256K [0x000000076ab00000, 0x00000007a8100000, 0x00000007c0000000)
  eden space 762368K, 0% used [0x000000076ab00000,0x000000076ab00000,0x0000000799380000)
  from space 75776K, 16% used [0x0000000799380000,0x0000000799f78010,0x000000079dd80000)
  to   space 73216K, 0% used [0x00000007a3980000,0x00000007a3980000,0x00000007a8100000)
 ParOldGen       total 299008K, used 227995K [0x00000006c0000000, 0x00000006d2400000, 0x000000076ab00000)
  object space 299008K, 76% used [0x00000006c0000000,0x00000006cdea6f88,0x00000006d2400000)
 Metaspace       used 127992K, capacity 134304K, committed 134872K, reserved 1167360K
  class space    used 15924K, capacity 17256K, committed 17408K, reserved 1048576K
}
Event: 5066.272 GC heap before
{Heap before GC invocations=39 (full 5):
 PSYoungGen      total 838144K, used 774387K [0x000000076ab00000, 0x00000007a8100000, 0x00000007c0000000)
  eden space 762368K, 99% used [0x000000076ab00000,0x0000000799344c20,0x0000000799380000)
  from space 75776K, 16% used [0x0000000799380000,0x0000000799f78010,0x000000079dd80000)
  to   space 73216K, 0% used [0x00000007a3980000,0x00000007a3980000,0x00000007a8100000)
 ParOldGen       total 299008K, used 227995K [0x00000006c0000000, 0x00000006d2400000, 0x000000076ab00000)
  object space 299008K, 76% used [0x00000006c0000000,0x00000006cdea6f88,0x00000006d2400000)
 Metaspace       used 128161K, capacity 134444K, committed 134872K, reserved 1167360K
  class space    used 15925K, capacity 17256K, committed 17408K, reserved 1048576K
Event: 5066.302 GC heap after
Heap after GC invocations=39 (full 5):
 PSYoungGen      total 912896K, used 13235K [0x000000076ab00000, 0x00000007a7480000, 0x00000007c0000000)
  eden space 852480K, 0% used [0x000000076ab00000,0x000000076ab00000,0x000000079eb80000)
  from space 60416K, 21% used [0x00000007a3980000,0x00000007a466cdb8,0x00000007a7480000)
  to   space 70144K, 0% used [0x000000079eb80000,0x000000079eb80000,0x00000007a3000000)
 ParOldGen       total 299008K, used 239163K [0x00000006c0000000, 0x00000006d2400000, 0x000000076ab00000)
  object space 299008K, 79% used [0x00000006c0000000,0x00000006ce98ecf0,0x00000006d2400000)
 Metaspace       used 128161K, capacity 134444K, committed 134872K, reserved 1167360K
  class space    used 15925K, capacity 17256K, committed 17408K, reserved 1048576K
}

